<?xml version="1.0" encoding="UTF-8"?>
<testng-results ignored="0" total="1" passed="1" failed="0" skipped="0">
  <reporter-output>
  </reporter-output>
  <suite started-at="2024-02-16T15:23:21 IST" name="Default suite" finished-at="2024-02-16T15:23:21 IST" duration-ms="150">
    <groups>
    </groups>
    <test started-at="2024-02-16T15:23:21 IST" name="Default test" finished-at="2024-02-16T15:23:21 IST" duration-ms="150">
      <class name="Day1.testNG">
        <test-method is-config="true" signature="beforesuite()[pri:0, instance:Day1.testNG@5677323c]" started-at="2024-02-16T15:23:21 IST" name="beforesuite" finished-at="2024-02-16T15:23:21 IST" duration-ms="37" status="PASS">
          <reporter-output>
          </reporter-output>
        </test-method> <!-- beforesuite -->
        <test-method is-config="true" signature="beforetest()[pri:0, instance:Day1.testNG@5677323c]" started-at="2024-02-16T15:23:21 IST" name="beforetest" finished-at="2024-02-16T15:23:21 IST" duration-ms="1" status="PASS">
          <reporter-output>
          </reporter-output>
        </test-method> <!-- beforetest -->
        <test-method is-config="true" signature="beforeclass()[pri:0, instance:Day1.testNG@5677323c]" started-at="2024-02-16T15:23:21 IST" name="beforeclass" finished-at="2024-02-16T15:23:21 IST" duration-ms="2" status="PASS">
          <reporter-output>
          </reporter-output>
        </test-method> <!-- beforeclass -->
        <test-method is-config="true" signature="beforemethod()[pri:0, instance:Day1.testNG@5677323c]" started-at="2024-02-16T15:23:21 IST" name="beforemethod" finished-at="2024-02-16T15:23:21 IST" duration-ms="1" status="PASS">
          <reporter-output>
          </reporter-output>
        </test-method> <!-- beforemethod -->
        <test-method signature="test()[pri:0, instance:Day1.testNG@5677323c]" started-at="2024-02-16T15:23:21 IST" name="test" finished-at="2024-02-16T15:23:21 IST" duration-ms="13" status="PASS">
          <reporter-output>
          </reporter-output>
        </test-method> <!-- test -->
        <test-method is-config="true" signature="aftermethod()[pri:0, instance:Day1.testNG@5677323c]" started-at="2024-02-16T15:23:21 IST" name="aftermethod" finished-at="2024-02-16T15:23:21 IST" duration-ms="1" status="PASS">
          <reporter-output>
          </reporter-output>
        </test-method> <!-- aftermethod -->
        <test-method is-config="true" signature="afterclass()[pri:0, instance:Day1.testNG@5677323c]" started-at="2024-02-16T15:23:21 IST" name="afterclass" finished-at="2024-02-16T15:23:21 IST" duration-ms="14" status="PASS">
          <reporter-output>
          </reporter-output>
        </test-method> <!-- afterclass -->
        <test-method is-config="true" signature="aftertest()[pri:0, instance:Day1.testNG@5677323c]" started-at="2024-02-16T15:23:21 IST" name="aftertest" finished-at="2024-02-16T15:23:21 IST" duration-ms="0" status="PASS">
          <reporter-output>
          </reporter-output>
        </test-method> <!-- aftertest -->
        <test-method is-config="true" signature="afterSuite()[pri:0, instance:Day1.testNG@5677323c]" started-at="2024-02-16T15:23:21 IST" name="afterSuite" finished-at="2024-02-16T15:23:21 IST" duration-ms="0" status="PASS">
          <reporter-output>
          </reporter-output>
        </test-method> <!-- afterSuite -->
      </class> <!-- Day1.testNG -->
    </test> <!-- Default test -->
  </suite> <!-- Default suite -->
</testng-results>
